2026-06-29 17:12:52 | INFO     | etl.main.20260629_171252 | ════════════════════════════════════════════════════════════
2026-06-29 17:12:52 | INFO     | etl.main.20260629_171252 |   ETL PIPELINE — RUN 20260629_171252
2026-06-29 17:12:52 | INFO     | etl.main.20260629_171252 | ════════════════════════════════════════════════════════════
2026-06-29 17:12:52 | INFO     | etl.main.20260629_171252 | 
▶ STAGE 1: EXTRACT
2026-06-29 17:12:52 | INFO     | etl.main.20260629_171252 | 
▶ STAGE 2: TRANSFORM
2026-06-29 17:12:52 | INFO     | etl.main.20260629_171252 | 
▶ STAGE 3: VALIDATE
2026-06-29 17:12:52 | INFO     | etl.main.20260629_171252 | 
▶ STAGE 4: LOAD
2026-06-29 17:12:53 | INFO     | etl.main.20260629_171252 | 
▶ STAGE 5: RECONCILE
2026-06-29 17:12:53 | INFO     | etl.main.20260629_171252 | 
═
═
═
═
═
═
═
═
═
═
═
═
═
═
═
═
═
═
═
═
═
═
═
═
═
═
═
═
═
═
═
═
═
═
═
═
═
═
═
═
═
═
═
═
═
═
═
═
═
═
═
═
═
═
═
═
═
═
═
═
2026-06-29 17:12:53 | INFO     | etl.main.20260629_171252 |   PIPELINE COMPLETE in 0.80s
2026-06-29 17:12:53 | INFO     | etl.main.20260629_171252 |   Summary: /home/alih/CAI4_AIS5_S11_P2/etl/logs/pipeline_summary_20260629_171252.json
2026-06-29 17:12:53 | INFO     | etl.main.20260629_171252 | ════════════════════════════════════════════════════════════
